[debug] [2024-05-30T23:00:01.247Z] ----------------------------------------------------------------------
[debug] [2024-05-30T23:00:01.255Z] Command:       C:\Program Files\nodejs\node.exe C:\Users\Satanas\AppData\Roaming\npm\node_modules\firebase-tools\lib\bin\firebase.js init
[debug] [2024-05-30T23:00:01.256Z] CLI Version:   13.10.2
[debug] [2024-05-30T23:00:01.256Z] Platform:      win32
[debug] [2024-05-30T23:00:01.257Z] Node Version:  v20.9.0
[debug] [2024-05-30T23:00:01.257Z] Time:          Thu May 30 2024 18:00:01 GMT-0500 (hora estándar de Colombia)
[debug] [2024-05-30T23:00:01.258Z] ----------------------------------------------------------------------
[debug] 
[debug] [2024-05-30T23:00:01.275Z] > command requires scopes: ["email","openid","https://www.googleapis.com/auth/cloudplatformprojects.readonly","https://www.googleapis.com/auth/firebase","https://www.googleapis.com/auth/cloud-platform"]
[debug] [2024-05-30T23:00:01.277Z] > authorizing via signed-in user (artillero.satanas@gmail.com)
[info] 
     ######## #### ########  ######## ########     ###     ######  ########
     ##        ##  ##     ## ##       ##     ##  ##   ##  ##       ##
     ######    ##  ########  ######   ########  #########  ######  ######
     ##        ##  ##    ##  ##       ##     ## ##     ##       ## ##
     ##       #### ##     ## ######## ########  ##     ##  ######  ########

You're about to initialize a Firebase project in this directory:

  C:\Users\Satanas\Desktop\portafolio

[info] 
=== Project Setup
[info] 
[info] First, let's associate this project directory with a Firebase project.
[info] You can create multiple project aliases by running firebase use --add, 
[info] but for now we'll just set up a default project.
[info] 
[debug] [2024-05-30T23:00:13.432Z] >>> [apiv2][query] GET https://firebase.googleapis.com/v1beta1/projects pageSize=100
[debug] [2024-05-30T23:00:13.986Z] <<< [apiv2][status] GET https://firebase.googleapis.com/v1beta1/projects 200
[debug] [2024-05-30T23:00:13.987Z] <<< [apiv2][body] GET https://firebase.googleapis.com/v1beta1/projects [omitted]
[info] i  Using project rafaelvaldev (Portafolio) 
[info] 
=== Hosting Setup
[debug] [2024-05-30T23:00:19.647Z] >>> [apiv2][query] GET https://firebase.googleapis.com/v1beta1/projects/rafaelvaldev [none]
[debug] [2024-05-30T23:00:20.160Z] <<< [apiv2][status] GET https://firebase.googleapis.com/v1beta1/projects/rafaelvaldev 200
[debug] [2024-05-30T23:00:20.161Z] <<< [apiv2][body] GET https://firebase.googleapis.com/v1beta1/projects/rafaelvaldev {"projectId":"rafaelvaldev","projectNumber":"532528769978","displayName":"Portafolio","name":"projects/rafaelvaldev","resources":{"hostingSite":"rafaelvaldev","storageBucket":"rafaelvaldev.appspot.com","locationId":"us-central"},"state":"ACTIVE","etag":"1_eceb17ab-572e-44fb-a644-c45b8a955257"}
[info] 
[info] Your public directory is the folder (relative to your project directory) that
[info] will contain Hosting assets to be uploaded with firebase deploy. If you
[info] have a build process for your assets, use your build's output directory.
[info] 
[info] +  Wrote public/404.html 
[debug] [2024-05-30T23:00:55.350Z] >>> [apiv2][query] GET https://www.gstatic.com/firebasejs/releases.json [none]
[debug] [2024-05-30T23:00:55.559Z] <<< [apiv2][status] GET https://www.gstatic.com/firebasejs/releases.json 200
[debug] [2024-05-30T23:00:55.560Z] <<< [apiv2][body] GET https://www.gstatic.com/firebasejs/releases.json {"current":{"version":"10.12.2","browserURL":"https://www.gstatic.com/firebasejs/10.12.2/firebase.js","packageURL":"https://www.gstatic.com/firebasejs/10.12.2/firebase.tgz"},"live":{"version":"10.12","browserURL":"https://www.gstatic.com/firebasejs/live/10.12/firebase.js","packageURL":"https://www.gstatic.com/firebasejs/live/10.12/firebase.tgz"},"components":{"analytics":"https://www.gstatic.com/firebasejs/10.12.2/firebase-analytics.js","app":"https://www.gstatic.com/firebasejs/10.12.2/firebase-app.js","app-check":"https://www.gstatic.com/firebasejs/10.12.2/firebase-app-check.js","auth":"https://www.gstatic.com/firebasejs/10.12.2/firebase-auth.js","auth/cordova":"https://www.gstatic.com/firebasejs/10.12.2/firebase-auth/cordova.js","auth/web-extension":"https://www.gstatic.com/firebasejs/10.12.2/firebase-auth/web-extension.js","functions":"https://www.gstatic.com/firebasejs/10.12.2/firebase-functions.js","firestore":"https://www.gstatic.com/firebasejs/10.12.2/firebase-firestore.js","firestore/lite":"https://www.gstatic.com/firebasejs/10.12.2/firebase-firestore/lite.js","installations":"https://www.gstatic.com/firebasejs/10.12.2/firebase-installations.js","storage":"https://www.gstatic.com/firebasejs/10.12.2/firebase-storage.js","performance":"https://www.gstatic.com/firebasejs/10.12.2/firebase-performance.js","remote-config":"https://www.gstatic.com/firebasejs/10.12.2/firebase-remote-config.js","messaging":"https://www.gstatic.com/firebasejs/10.12.2/firebase-messaging.js","messaging/sw":"https://www.gstatic.com/firebasejs/10.12.2/firebase-messaging/sw.js","database":"https://www.gstatic.com/firebasejs/10.12.2/firebase-database.js","vertexai-preview":"https://www.gstatic.com/firebasejs/10.12.2/firebase-vertexai-preview.js","firestore.memory":"https://www.gstatic.com/firebasejs/10.12.2/firebase-firestore.memory.js"}}
[info] +  Wrote public/index.html 
[info] 
[info] i  Detected a .git folder at C:\Users\Satanas\Desktop\portafolio 
[info] i  Authorizing with GitHub to upload your service account to a GitHub repository's secrets store. 
[info] 
[info] Visit this URL on this device to log in:
[info] https://github.com/login/oauth/authorize?client_id=89cf50f02ac6aaed3484&state=559648071&redirect_uri=http%3A%2F%2Flocalhost%3A9005&scope=read%3Auser%20repo%20public_repo
[info] 
[info] Waiting for authentication...
[debug] [2024-05-30T23:01:11.827Z] >>> [apiv2][query] POST https://github.com/login/oauth/access_token [none]
[debug] [2024-05-30T23:01:11.827Z] >>> [apiv2][body] POST https://github.com/login/oauth/access_token [stream]
[debug] [2024-05-30T23:01:12.202Z] <<< [apiv2][status] POST https://github.com/login/oauth/access_token 200
[debug] [2024-05-30T23:01:12.202Z] <<< [apiv2][body] POST https://github.com/login/oauth/access_token {"access_token":"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","token_type":"bearer","scope":"read:user,repo"}
[debug] [2024-05-30T23:01:12.213Z] >>> [apiv2][query] GET https://api.github.com/user [none]
[debug] [2024-05-30T23:01:12.592Z] <<< [apiv2][status] GET https://api.github.com/user 200
[debug] [2024-05-30T23:01:12.592Z] <<< [apiv2][body] GET https://api.github.com/user {"login":"rafaelval","id":84647580,"node_id":"MDQ6VXNlcjg0NjQ3NTgw","avatar_url":"https://avatars.githubusercontent.com/u/84647580?v=4","gravatar_id":"","url":"https://api.github.com/users/rafaelval","html_url":"https://github.com/rafaelval","followers_url":"https://api.github.com/users/rafaelval/followers","following_url":"https://api.github.com/users/rafaelval/following{/other_user}","gists_url":"https://api.github.com/users/rafaelval/gists{/gist_id}","starred_url":"https://api.github.com/users/rafaelval/starred{/owner}{/repo}","subscriptions_url":"https://api.github.com/users/rafaelval/subscriptions","organizations_url":"https://api.github.com/users/rafaelval/orgs","repos_url":"https://api.github.com/users/rafaelval/repos","events_url":"https://api.github.com/users/rafaelval/events{/privacy}","received_events_url":"https://api.github.com/users/rafaelval/received_events","type":"User","site_admin":false,"name":null,"company":null,"blog":"","location":null,"email":null,"hireable":null,"bio":null,"twitter_username":null,"public_repos":12,"public_gists":0,"followers":13,"following":8,"created_at":"2021-05-22T23:47:24Z","updated_at":"2024-04-02T00:42:36Z","private_gists":0,"total_private_repos":20,"owned_private_repos":18,"disk_usage":14917,"collaborators":1,"two_factor_authentication":false,"plan":{"name":"free","space":976562499,"collaborators":0,"private_repos":10000}}
[info] 
[info] +  Success! Logged into GitHub as rafaelval 
[info] 
[debug] [2024-05-30T23:01:44.224Z] >>> [apiv2][query] GET https://api.github.com/repos//actions/secrets/public-key type=owner
[debug] [2024-05-30T23:01:44.527Z] <<< [apiv2][status] GET https://api.github.com/repos//actions/secrets/public-key 404
[debug] [2024-05-30T23:01:44.528Z] <<< [apiv2][body] GET https://api.github.com/repos//actions/secrets/public-key {"message":"Not Found","documentation_url":"https://docs.github.com/rest"}
[info] 
[info] 
[error] !  The provided authorization cannot be used with this repository. If this repository is in an organization, did you remember to grant access? 
[info] 
[info] i  Action required: Visit this URL to ensure access has been granted to the appropriate organization(s) for the Firebase CLI GitHub OAuth App: 
[info] https://github.com/settings/connections/applications/89cf50f02ac6aaed3484
[info] 
